mode: atomic
github.com/91go/feeds-merge/main.go:41.20,42.17 1 0
github.com/91go/feeds-merge/main.go:42.17,47.17 5 0
github.com/91go/feeds-merge/main.go:47.17,50.4 2 0
github.com/91go/feeds-merge/main.go:51.3,53.17 3 0
github.com/91go/feeds-merge/main.go:53.17,56.4 2 0
github.com/91go/feeds-merge/main.go:57.3,64.4 1 0
github.com/91go/feeds-merge/main.go:66.2,66.10 1 0
github.com/91go/feeds-merge/main.go:69.13,72.36 2 0
github.com/91go/feeds-merge/main.go:72.36,74.28 2 0
github.com/91go/feeds-merge/main.go:74.28,81.60 4 0
github.com/91go/feeds-merge/main.go:81.60,83.5 1 0
github.com/91go/feeds-merge/main.go:85.4,88.18 4 0
github.com/91go/feeds-merge/main.go:88.18,91.5 2 0
github.com/91go/feeds-merge/main.go:92.4,93.18 2 0
github.com/91go/feeds-merge/main.go:93.18,96.5 2 0
github.com/91go/feeds-merge/main.go:99.2,100.12 2 0
github.com/91go/feeds-merge/main.go:103.41,104.41 1 0
github.com/91go/feeds-merge/main.go:104.41,106.3 1 0
github.com/91go/feeds-merge/main.go:107.2,107.12 1 0
github.com/91go/feeds-merge/main.go:110.46,113.16 3 0
github.com/91go/feeds-merge/main.go:113.16,116.3 1 0
github.com/91go/feeds-merge/main.go:117.2,117.11 1 0
github.com/91go/feeds-merge/merge.go:13.59,20.16 4 0
github.com/91go/feeds-merge/merge.go:20.16,22.3 1 0
github.com/91go/feeds-merge/merge.go:22.8,25.3 2 0
github.com/91go/feeds-merge/merge.go:28.54,31.27 3 0
github.com/91go/feeds-merge/merge.go:31.27,33.3 1 0
github.com/91go/feeds-merge/merge.go:34.2,34.17 1 0
github.com/91go/feeds-merge/merge.go:34.17,36.18 2 0
github.com/91go/feeds-merge/merge.go:36.18,38.4 1 0
github.com/91go/feeds-merge/merge.go:40.2,40.17 1 0
github.com/91go/feeds-merge/merge.go:66.50,73.22 1 0
github.com/91go/feeds-merge/merge.go:73.22,75.3 1 0
github.com/91go/feeds-merge/merge.go:76.2,77.17 2 0
github.com/91go/feeds-merge/merge.go:80.83,93.38 4 0
github.com/91go/feeds-merge/merge.go:93.38,94.41 1 0
github.com/91go/feeds-merge/merge.go:94.41,95.24 1 0
github.com/91go/feeds-merge/merge.go:95.24,96.10 1 0
github.com/91go/feeds-merge/merge.go:98.4,98.23 1 0
github.com/91go/feeds-merge/merge.go:98.23,99.13 1 0
github.com/91go/feeds-merge/merge.go:106.4,107.33 2 0
github.com/91go/feeds-merge/merge.go:107.33,109.5 1 0
github.com/91go/feeds-merge/merge.go:110.4,110.35 1 0
github.com/91go/feeds-merge/merge.go:110.35,112.5 1 0
github.com/91go/feeds-merge/merge.go:113.4,113.64 1 0
github.com/91go/feeds-merge/merge.go:113.64,115.5 1 0
github.com/91go/feeds-merge/merge.go:117.4,125.26 2 0
github.com/91go/feeds-merge/merge.go:128.2,128.13 1 0
github.com/91go/feeds-merge/merge.go:131.27,135.2 3 0
